▲ Next.js 16.1.7 (Turbopack)

  Creating an optimized production build ...
✓ Compiled successfully in 2.5s
  Running TypeScript ...
  Collecting page data using 11 workers ...
  Generating static pages using 11 workers (0/11) ...
  Generating static pages using 11 workers (2/11) 
  Generating static pages using 11 workers (5/11) 
  Generating static pages using 11 workers (8/11) 
✓ Generating static pages using 11 workers (11/11) in 469.1ms
  Finalizing page optimization ...

Route (app)
┌ ○ /
├ ○ /_not-found
├ ƒ /api/waiting-status
├ ƒ /api/webhook/questionnaire-customer
├ ƒ /api/webhook/reservation
├ ○ /clinic
├ ○ /doctor
├ ○ /questionnaire
└ ○ /reservation


○  (Static)   prerendered as static content
ƒ  (Dynamic)  server-rendered on demand

