
> systembook-medical@0.1.0 build
> next build

笞 No build cache found. Please configure build caching for faster rebuilds. Read more: https://nextjs.org/docs/messages/no-cache
Attention: Next.js now collects completely anonymous telemetry regarding usage.
This information is used to shape Next.js' roadmap and prioritize features.
You can learn more, including how to opt-out if you'd not like to participate in this anonymous program, by visiting the following URL:
https://nextjs.org/telemetry

笆ｲ Next.js 16.1.7 (Turbopack)

  Creating an optimized production build ...
笨・Compiled successfully in 2.5s
  Running TypeScript ...
  Collecting page data using 11 workers ...
  Generating static pages using 11 workers (0/11) ...
  Generating static pages using 11 workers (2/11) 
  Generating static pages using 11 workers (5/11) 
  Generating static pages using 11 workers (8/11) 
笨・Generating static pages using 11 workers (11/11) in 434.5ms
  Finalizing page optimization ...

Route (app)
笏・笳・/
笏・笳・/_not-found
笏・ﾆ・/api/waiting-status
笏・ﾆ・/api/webhook/questionnaire-customer
笏・ﾆ・/api/webhook/reservation
笏・笳・/clinic
笏・笳・/doctor
笏・笳・/questionnaire
笏・笳・/reservation


笳・ (Static)   prerendered as static content
ﾆ・ (Dynamic)  server-rendered on demand

